[2026-05-13T12:25:01.263659] 到达 midday 时间窗口（12:30），开始执行...
邮件已发送：[午间重置] 2026-05-13 下午加油
[2026-05-13T12:30:01.565554] 到达 midday 时间窗口（12:30），开始执行...
邮件已发送：[午间重置] 2026-05-13 下午加油
[2026-05-13T12:35:01.697371] 到达 midday 时间窗口（12:30），开始执行...
邮件已发送：[午间重置] 2026-05-13 下午加油
[2026-05-13T22:55:01.841729] 到达 sleep_review 时间窗口（23:00），开始执行...
睡前复习已委托 review_system.py 处理
[2026-05-14T04:55:01.648344] 到达 autostart 时间窗口（05:00），开始执行...
[2026-05-14T04:55:01.648369] 开始自动执行 /start-day ...
/start-day 执行完成，daily-plan.md 已更新
[2026-05-14T06:55:01.557013] 到达 morning 时间窗口（07:00），开始执行...
邮件已发送：[晨间启动] 2026-05-14 周四 今日三件事
[2026-05-14T07:00:01.260047] 到达 morning 时间窗口（07:00），开始执行...
邮件已发送：[晨间启动] 2026-05-14 周四 今日三件事
[2026-05-14T07:05:01.916607] 到达 morning 时间窗口（07:00），开始执行...
邮件已发送：[晨间启动] 2026-05-14 周四 今日三件事
[2026-05-14T12:30:01.745825] 到达 midday 时间窗口（12:30），开始执行...
邮件已发送：[午间重置] 2026-05-14 下午加油
[2026-05-14T21:30:02.006874] 到达 evening 时间窗口（21:30），开始执行...
邮件已发送：[晚间复盘] 2026-05-14 今日回顾
[2026-05-14T23:00:01.833700] 到达 sleep_review 时间窗口（23:00），开始执行...
睡前复习已委托 review_system.py 处理
[2026-05-15T05:00:01.406703] 到达 autostart 时间窗口（05:00），开始执行...
[2026-05-15T05:00:01.406727] 开始自动执行 /start-day ...
/start-day 执行完成，daily-plan.md 已更新
[2026-05-15T07:00:01.531863] 到达 morning 时间窗口（07:00），开始执行...
邮件已发送：[晨间启动] 2026-05-15 周五 今日三件事
[2026-05-15T12:30:01.977059] 到达 midday 时间窗口（12:30），开始执行...
邮件已发送：[午间重置] 2026-05-15 下午加油
[2026-05-15T21:30:01.835266] 到达 evening 时间窗口（21:30），开始执行...
邮件已发送：[晚间复盘] 2026-05-15 今日回顾
